<?xml version="1.0" encoding="UTF-8"?>
<testng-results skipped="0" failed="0" ignored="0" total="1" passed="1">
  <reporter-output>
  </reporter-output>
  <suite name="Suite" duration-ms="41861" started-at="2020-02-16T09:48:17Z" finished-at="2020-02-16T09:48:59Z">
    <groups>
    </groups>
    <test name="Test" duration-ms="41861" started-at="2020-02-16T09:48:17Z" finished-at="2020-02-16T09:48:59Z">
      <class name="FillRacks.pharma.ecommerce_tc_4">
        <test-method status="PASS" signature="totalValidation()[pri:0, instance:FillRacks.pharma.ecommerce_tc_4@527740a2]" name="totalValidation" duration-ms="41777" started-at="2020-02-16T09:48:17Z" finished-at="2020-02-16T09:48:59Z">
          <reporter-output>
          </reporter-output>
        </test-method> <!-- totalValidation -->
      </class> <!-- FillRacks.pharma.ecommerce_tc_4 -->
    </test> <!-- Test -->
  </suite> <!-- Suite -->
</testng-results>
